<?xml version="1.0" encoding="UTF-8"?>
<!-- Generated by org.testng.reporters.JUnitXMLReporter -->
<testsuite ignored="3" hostname="DESKTOP-QI6C0LV" failures="0" tests="2" name="Test(failed)(failed)" time="0.096" errors="0" timestamp="2023-06-16T17:05:26 IST">
  <testcase classname="testNG.example21_failed_xml" name="TC2" time="0.013"/>
  <testcase classname="testNG.example21_failed_xml" name="TC3" time="0.002"/>
  <testcase classname="testNG.example21_failed_xml" name="TC1" time="0.0">
    <ignored/>
  </testcase> <!-- TC1 -->
  <testcase classname="testNG.example21_failed_xml" name="TC4" time="0.0">
    <ignored/>
  </testcase> <!-- TC4 -->
  <testcase classname="testNG.example21_failed_xml" name="TC5" time="0.0">
    <ignored/>
  </testcase> <!-- TC5 -->
</testsuite> <!-- Test(failed)(failed) -->
