<?xml version="1.0" encoding="UTF-8"?>
<testng-results ignored="0" total="1" passed="1" failed="0" skipped="0">
  <reporter-output>
  </reporter-output>
  <suite started-at="2023-07-17T21:39:29 IST" name="Default suite" finished-at="2023-07-17T21:42:56 IST" duration-ms="207152">
    <groups>
    </groups>
    <test started-at="2023-07-17T21:39:29 IST" name="Default test" finished-at="2023-07-17T21:42:56 IST" duration-ms="207152">
      <class name="POM_DDF_TestNG_CPSSfailedTC_PropertyFile.PB_Login_test">
        <test-method is-config="true" signature="OpenBrowser()[pri:0, instance:POM_DDF_TestNG_CPSSfailedTC_PropertyFile.PB_Login_test@4082ba93]" started-at="2023-07-17T21:39:29 IST" name="OpenBrowser" finished-at="2023-07-17T21:41:14 IST" duration-ms="104931" status="PASS">
          <reporter-output>
          </reporter-output>
        </test-method> <!-- OpenBrowser -->
        <test-method is-config="true" signature="LoginToApp()[pri:0, instance:POM_DDF_TestNG_CPSSfailedTC_PropertyFile.PB_Login_test@4082ba93]" started-at="2023-07-17T21:41:14 IST" name="LoginToApp" finished-at="2023-07-17T21:41:46 IST" duration-ms="32277" status="PASS">
          <reporter-output>
          </reporter-output>
        </test-method> <!-- LoginToApp -->
        <test-method signature="Verifyfullname()[pri:0, instance:POM_DDF_TestNG_CPSSfailedTC_PropertyFile.PB_Login_test@4082ba93]" started-at="2023-07-17T21:41:46 IST" name="Verifyfullname" finished-at="2023-07-17T21:42:53 IST" duration-ms="66626" status="PASS">
          <reporter-output>
          </reporter-output>
        </test-method> <!-- Verifyfullname -->
        <test-method is-config="true" signature="failedSS(org.testng.ITestResult)[pri:0, instance:POM_DDF_TestNG_CPSSfailedTC_PropertyFile.PB_Login_test@4082ba93]" started-at="2023-07-17T21:42:53 IST" name="failedSS" finished-at="2023-07-17T21:42:53 IST" duration-ms="12" status="PASS">
          <params>
            <param index="0">
              <value>
                <![CDATA[[TestResult name=Verifyfullname status=SUCCESS method=PB_Login_test.Verifyfullname()[pri:0, instance:POM_DDF_TestNG_CPSSfailedTC_PropertyFile.PB_Login_test@4082ba93] output={null}]]]>
              </value>
            </param>
          </params>
          <reporter-output>
          </reporter-output>
        </test-method> <!-- failedSS -->
        <test-method is-config="true" signature="CloseBrowser()[pri:0, instance:POM_DDF_TestNG_CPSSfailedTC_PropertyFile.PB_Login_test@4082ba93]" started-at="2023-07-17T21:42:53 IST" name="CloseBrowser" finished-at="2023-07-17T21:42:56 IST" duration-ms="3132" status="PASS">
          <reporter-output>
          </reporter-output>
        </test-method> <!-- CloseBrowser -->
      </class> <!-- POM_DDF_TestNG_CPSSfailedTC_PropertyFile.PB_Login_test -->
    </test> <!-- Default test -->
  </suite> <!-- Default suite -->
</testng-results>
